2019-03-14 09:51:26.707  WARN 908 --- [HikariPool-1 housekeeper] com.zaxxer.hikari.pool.HikariPool        : HikariPool-1 - Thread starvation or clock leap detected (housekeeper delta=9h57m8s442ms955µs200ns).
2019-03-14 10:10:10.862  INFO 908 --- [Thread-7] o.s.s.concurrent.ThreadPoolTaskExecutor  : Shutting down ExecutorService 'applicationTaskExecutor'
2019-03-14 10:10:10.866  INFO 908 --- [Thread-7] j.LocalContainerEntityManagerFactoryBean : Closing JPA EntityManagerFactory for persistence unit 'default'
2019-03-14 10:10:10.877  INFO 908 --- [Thread-7] com.zaxxer.hikari.HikariDataSource       : HikariPool-1 - Shutdown initiated...
2019-03-14 10:10:10.886  INFO 908 --- [Thread-7] com.zaxxer.hikari.HikariDataSource       : HikariPool-1 - Shutdown completed.
2019-03-14 10:10:11.855  INFO 908 --- [restartedMain] com.bestiansoft.pdfgen.DemoApplication   : Starting DemoApplication on DESKTOP-DK605TJ with PID 908 (started by XPS 15 9550 in c:\Users\XPS 15 9550\workspace\pdfgen)
2019-03-14 10:10:11.855  INFO 908 --- [restartedMain] com.bestiansoft.pdfgen.DemoApplication   : No active profile set, falling back to default profiles: default
2019-03-14 10:10:12.422  INFO 908 --- [restartedMain] .s.d.r.c.RepositoryConfigurationDelegate : Bootstrapping Spring Data repositories in DEFAULT mode.
2019-03-14 10:10:12.488  INFO 908 --- [restartedMain] .s.d.r.c.RepositoryConfigurationDelegate : Finished Spring Data repository scanning in 66ms. Found 4 repository interfaces.
2019-03-14 10:10:12.610  INFO 908 --- [restartedMain] trationDelegate$BeanPostProcessorChecker : Bean 'org.springframework.transaction.annotation.ProxyTransactionManagementConfiguration' of type [org.springframework.transaction.annotation.ProxyTransactionManagementConfiguration$$EnhancerBySpringCGLIB$$e922d25a] is not eligible for getting processed by all BeanPostProcessors (for example: not eligible for auto-proxying)
2019-03-14 10:10:12.877  INFO 908 --- [restartedMain] o.s.b.w.embedded.tomcat.TomcatWebServer  : Tomcat initialized with port(s): 8888 (http)
2019-03-14 10:10:12.879  INFO 908 --- [restartedMain] o.apache.catalina.core.StandardService   : Starting service [Tomcat]
2019-03-14 10:10:12.880  INFO 908 --- [restartedMain] org.apache.catalina.core.StandardEngine  : Starting Servlet engine: [Apache Tomcat/9.0.14]
2019-03-14 10:10:12.920  INFO 908 --- [restartedMain] o.a.c.c.C.[Tomcat].[localhost].[/]       : Initializing Spring embedded WebApplicationContext
2019-03-14 10:10:12.920  INFO 908 --- [restartedMain] o.s.web.context.ContextLoader            : Root WebApplicationContext: initialization completed in 1058 ms
2019-03-14 10:10:13.004  INFO 908 --- [restartedMain] com.zaxxer.hikari.HikariDataSource       : HikariPool-2 - Starting...
2019-03-14 10:10:13.160  INFO 908 --- [restartedMain] com.zaxxer.hikari.HikariDataSource       : HikariPool-2 - Start completed.
2019-03-14 10:10:13.183  INFO 908 --- [restartedMain] o.hibernate.jpa.internal.util.LogHelper  : HHH000204: Processing PersistenceUnitInfo [
	name: default
	...]
2019-03-14 10:10:13.216  INFO 908 --- [restartedMain] org.hibernate.dialect.Dialect            : HHH000400: Using dialect: org.hibernate.dialect.PostgreSQL95Dialect
2019-03-14 10:10:13.407  INFO 908 --- [restartedMain] o.h.e.j.e.i.LobCreatorBuilderImpl        : HHH000421: Disabling contextual LOB creation as hibernate.jdbc.lob.non_contextual_creation is true
2019-03-14 10:10:13.408  INFO 908 --- [restartedMain] org.hibernate.type.BasicTypeRegistry     : HHH000270: Type registration [java.util.UUID] overrides previous : org.hibernate.type.UUIDBinaryType@21e61789
2019-03-14 10:10:13.774  INFO 908 --- [restartedMain] o.h.t.schema.internal.SchemaCreatorImpl  : HHH000476: Executing import script 'org.hibernate.tool.schema.internal.exec.ScriptSourceInputNonExistentImpl@6a6d5cea'
2019-03-14 10:10:13.775  INFO 908 --- [restartedMain] j.LocalContainerEntityManagerFactoryBean : Initialized JPA EntityManagerFactory for persistence unit 'default'
2019-03-14 10:10:13.787  INFO 908 --- [restartedMain] o.s.b.d.a.OptionalLiveReloadServer       : LiveReload server is running on port 35729
2019-03-14 10:10:14.403  INFO 908 --- [restartedMain] o.s.s.concurrent.ThreadPoolTaskExecutor  : Initializing ExecutorService 'applicationTaskExecutor'
2019-03-14 10:10:14.420  WARN 908 --- [restartedMain] aWebConfiguration$JpaWebMvcConfiguration : spring.jpa.open-in-view is enabled by default. Therefore, database queries may be performed during view rendering. Explicitly configure spring.jpa.open-in-view to disable this warning
2019-03-14 10:10:14.543  INFO 908 --- [restartedMain] o.s.b.a.w.s.WelcomePageHandlerMapping    : Adding welcome page: ServletContext resource [/index.html]
2019-03-14 10:10:14.889  INFO 908 --- [restartedMain] o.s.b.w.embedded.tomcat.TomcatWebServer  : Tomcat started on port(s): 8888 (http) with context path ''
2019-03-14 10:10:15.211  INFO 908 --- [restartedMain] com.bestiansoft.pdfgen.DemoApplication   : Started DemoApplication in 3.424 seconds (JVM running for 53353.209)
2019-03-14 10:10:15.225  INFO 908 --- [restartedMain] .ConditionEvaluationDeltaLoggingListener : Condition evaluation unchanged
2019-03-14 10:10:46.803  INFO 908 --- [Thread-13] o.s.s.concurrent.ThreadPoolTaskExecutor  : Shutting down ExecutorService 'applicationTaskExecutor'
2019-03-14 10:10:46.806  INFO 908 --- [Thread-13] j.LocalContainerEntityManagerFactoryBean : Closing JPA EntityManagerFactory for persistence unit 'default'
2019-03-14 10:10:46.807  INFO 908 --- [Thread-13] com.zaxxer.hikari.HikariDataSource       : HikariPool-2 - Shutdown initiated...
2019-03-14 10:10:46.819  INFO 908 --- [Thread-13] com.zaxxer.hikari.HikariDataSource       : HikariPool-2 - Shutdown completed.
2019-03-14 10:10:47.814  INFO 908 --- [restartedMain] com.bestiansoft.pdfgen.DemoApplication   : Starting DemoApplication on DESKTOP-DK605TJ with PID 908 (started by XPS 15 9550 in c:\Users\XPS 15 9550\workspace\pdfgen)
2019-03-14 10:10:47.814  INFO 908 --- [restartedMain] com.bestiansoft.pdfgen.DemoApplication   : No active profile set, falling back to default profiles: default
2019-03-14 10:10:48.402  INFO 908 --- [restartedMain] .s.d.r.c.RepositoryConfigurationDelegate : Bootstrapping Spring Data repositories in DEFAULT mode.
2019-03-14 10:10:48.464  INFO 908 --- [restartedMain] .s.d.r.c.RepositoryConfigurationDelegate : Finished Spring Data repository scanning in 62ms. Found 4 repository interfaces.
2019-03-14 10:10:48.591  INFO 908 --- [restartedMain] trationDelegate$BeanPostProcessorChecker : Bean 'org.springframework.transaction.annotation.ProxyTransactionManagementConfiguration' of type [org.springframework.transaction.annotation.ProxyTransactionManagementConfiguration$$EnhancerBySpringCGLIB$$e922d25a] is not eligible for getting processed by all BeanPostProcessors (for example: not eligible for auto-proxying)
2019-03-14 10:10:48.803  INFO 908 --- [restartedMain] o.s.b.w.embedded.tomcat.TomcatWebServer  : Tomcat initialized with port(s): 8888 (http)
2019-03-14 10:10:48.805  INFO 908 --- [restartedMain] o.apache.catalina.core.StandardService   : Starting service [Tomcat]
2019-03-14 10:10:48.805  INFO 908 --- [restartedMain] org.apache.catalina.core.StandardEngine  : Starting Servlet engine: [Apache Tomcat/9.0.14]
2019-03-14 10:10:48.854  INFO 908 --- [restartedMain] o.a.c.c.C.[Tomcat].[localhost].[/]       : Initializing Spring embedded WebApplicationContext
2019-03-14 10:10:48.855  INFO 908 --- [restartedMain] o.s.web.context.ContextLoader            : Root WebApplicationContext: initialization completed in 1035 ms
2019-03-14 10:10:48.916  INFO 908 --- [restartedMain] com.zaxxer.hikari.HikariDataSource       : HikariPool-3 - Starting...
2019-03-14 10:10:49.100  INFO 908 --- [restartedMain] com.zaxxer.hikari.HikariDataSource       : HikariPool-3 - Start completed.
2019-03-14 10:10:49.118  INFO 908 --- [restartedMain] o.hibernate.jpa.internal.util.LogHelper  : HHH000204: Processing PersistenceUnitInfo [
	name: default
	...]
2019-03-14 10:10:49.147  INFO 908 --- [restartedMain] org.hibernate.dialect.Dialect            : HHH000400: Using dialect: org.hibernate.dialect.PostgreSQL95Dialect
2019-03-14 10:10:49.313  INFO 908 --- [restartedMain] o.h.e.j.e.i.LobCreatorBuilderImpl        : HHH000421: Disabling contextual LOB creation as hibernate.jdbc.lob.non_contextual_creation is true
2019-03-14 10:10:49.313  INFO 908 --- [restartedMain] org.hibernate.type.BasicTypeRegistry     : HHH000270: Type registration [java.util.UUID] overrides previous : org.hibernate.type.UUIDBinaryType@21e61789
2019-03-14 10:10:49.629  INFO 908 --- [restartedMain] o.h.t.schema.internal.SchemaCreatorImpl  : HHH000476: Executing import script 'org.hibernate.tool.schema.internal.exec.ScriptSourceInputNonExistentImpl@6a6d5cea'
2019-03-14 10:10:49.629  INFO 908 --- [restartedMain] j.LocalContainerEntityManagerFactoryBean : Initialized JPA EntityManagerFactory for persistence unit 'default'
2019-03-14 10:10:49.639  INFO 908 --- [restartedMain] o.s.b.d.a.OptionalLiveReloadServer       : LiveReload server is running on port 35729
2019-03-14 10:10:49.881  INFO 908 --- [restartedMain] o.s.s.concurrent.ThreadPoolTaskExecutor  : Initializing ExecutorService 'applicationTaskExecutor'
2019-03-14 10:10:49.885  WARN 908 --- [restartedMain] aWebConfiguration$JpaWebMvcConfiguration : spring.jpa.open-in-view is enabled by default. Therefore, database queries may be performed during view rendering. Explicitly configure spring.jpa.open-in-view to disable this warning
2019-03-14 10:10:49.916  INFO 908 --- [restartedMain] o.s.b.a.w.s.WelcomePageHandlerMapping    : Adding welcome page: ServletContext resource [/index.html]
2019-03-14 10:10:49.995  INFO 908 --- [restartedMain] o.s.b.w.embedded.tomcat.TomcatWebServer  : Tomcat started on port(s): 8888 (http) with context path ''
2019-03-14 10:10:49.995  INFO 908 --- [restartedMain] com.bestiansoft.pdfgen.DemoApplication   : Started DemoApplication in 2.239 seconds (JVM running for 53387.994)
2019-03-14 10:10:50.008  INFO 908 --- [restartedMain] .ConditionEvaluationDeltaLoggingListener : Condition evaluation unchanged
